c:\users\vodka\source\repos\learning c++\learning c++\x64\debug\vc143.pdb
c:\users\vodka\source\repos\learning c++\learning c++\x64\debug\vc143.idb
c:\users\vodka\source\repos\learning c++\learning c++\x64\debug\point.obj
c:\users\vodka\source\repos\learning c++\learning c++\x64\debug\snake.obj
c:\users\vodka\source\repos\learning c++\learning c++\x64\debug\learning c++.obj
c:\users\vodka\source\repos\learning c++\x64\debug\learning c++.exe
c:\users\vodka\source\repos\learning c++\x64\debug\learning c++.pdb
c:\users\vodka\source\repos\learning c++\learning c++\x64\debug\learning c++.ilk
c:\users\vodka\source\repos\learning c++\learning c++\x64\debug\dot.obj
c:\users\vodka\source\repos\learning c++\learning c++\x64\debug\labirinth.obj
c:\users\vodka\source\repos\learning c++\learning c++\x64\debug\learning c++.obj.enc
c:\users\vodka\source\repos\learning c++\learning c++\x64\debug\snake.new.obj.enc
c:\users\vodka\source\repos\learning c++\learning c++\x64\debug\learning c++.tlog\cl.command.1.tlog
c:\users\vodka\source\repos\learning c++\learning c++\x64\debug\learning c++.tlog\cl.items.tlog
c:\users\vodka\source\repos\learning c++\learning c++\x64\debug\learning c++.tlog\cl.read.1.tlog
c:\users\vodka\source\repos\learning c++\learning c++\x64\debug\learning c++.tlog\cl.write.1.tlog
c:\users\vodka\source\repos\learning c++\learning c++\x64\debug\learning c++.tlog\link.command.1.tlog
c:\users\vodka\source\repos\learning c++\learning c++\x64\debug\learning c++.tlog\link.read.1.tlog
c:\users\vodka\source\repos\learning c++\learning c++\x64\debug\learning c++.tlog\link.secondary.1.tlog
c:\users\vodka\source\repos\learning c++\learning c++\x64\debug\learning c++.tlog\link.write.1.tlog
